2025-01-06 18:11:33 0 [Note] Starting MariaDB 10.4.32-MariaDB source revision c4143f909528e3fab0677a28631d10389354c491 as process 12764
2025-01-06 18:11:33 0 [Note] InnoDB: Mutexes and rw_locks use Windows interlocked functions
2025-01-06 18:11:33 0 [Note] InnoDB: Uses event mutexes
2025-01-06 18:11:33 0 [Note] InnoDB: Compressed tables use zlib 1.3
2025-01-06 18:11:33 0 [Note] InnoDB: Number of pools: 1
2025-01-06 18:11:33 0 [Note] InnoDB: Using SSE2 crc32 instructions
2025-01-06 18:11:33 0 [Note] InnoDB: Initializing buffer pool, total size = 16M, instances = 1, chunk size = 16M
2025-01-06 18:11:33 0 [Note] InnoDB: Completed initialization of buffer pool
2025-01-06 18:11:33 0 [Note] InnoDB: Starting crash recovery from checkpoint LSN=300288
2025-01-06 18:11:33 0 [Note] InnoDB: 128 out of 128 rollback segments are active.
2025-01-06 18:11:33 0 [Note] InnoDB: Removed temporary tablespace data file: "ibtmp1"
2025-01-06 18:11:33 0 [Note] InnoDB: Creating shared tablespace for temporary tables
2025-01-06 18:11:33 0 [Note] InnoDB: Setting file 'C:\xampp\mysql\data\ibtmp1' size to 12 MB. Physically writing the file full; Please wait ...
2025-01-06 18:11:33 0 [Note] InnoDB: File 'C:\xampp\mysql\data\ibtmp1' size is now 12 MB.
2025-01-06 18:11:33 0 [Note] InnoDB: Waiting for purge to start
2025-01-06 18:11:33 0 [Note] InnoDB: 10.4.32 started; log sequence number 300297; transaction id 170
2025-01-06 18:11:33 0 [Note] InnoDB: Loading buffer pool(s) from C:\xampp\mysql\data\ib_buffer_pool
2025-01-06 18:11:33 0 [Note] Plugin 'FEEDBACK' is disabled.
2025-01-06 18:11:33 0 [Note] Server socket created on IP: '::'.
2025-01-06 18:39:14 0 [Note] Starting MariaDB 10.4.32-MariaDB source revision c4143f909528e3fab0677a28631d10389354c491 as process 2448
2025-01-06 18:39:14 0 [Note] InnoDB: Mutexes and rw_locks use Windows interlocked functions
2025-01-06 18:39:14 0 [Note] InnoDB: Uses event mutexes
2025-01-06 18:39:14 0 [Note] InnoDB: Compressed tables use zlib 1.3
2025-01-06 18:39:14 0 [Note] InnoDB: Number of pools: 1
2025-01-06 18:39:14 0 [Note] InnoDB: Using SSE2 crc32 instructions
2025-01-06 18:39:14 0 [Note] InnoDB: Initializing buffer pool, total size = 16M, instances = 1, chunk size = 16M
2025-01-06 18:39:14 0 [Note] InnoDB: Completed initialization of buffer pool
2025-01-06 18:39:14 0 [Note] InnoDB: Starting crash recovery from checkpoint LSN=33277319
2025-01-06 18:39:15 0 [Note] InnoDB: 128 out of 128 rollback segments are active.
2025-01-06 18:39:15 0 [Note] InnoDB: Removed temporary tablespace data file: "ibtmp1"
2025-01-06 18:39:15 0 [Note] InnoDB: Creating shared tablespace for temporary tables
2025-01-06 18:39:15 0 [Note] InnoDB: Setting file 'C:\xampp\mysql\data\ibtmp1' size to 12 MB. Physically writing the file full; Please wait ...
2025-01-06 18:39:15 0 [Note] InnoDB: File 'C:\xampp\mysql\data\ibtmp1' size is now 12 MB.
2025-01-06 18:39:15 0 [Note] InnoDB: Waiting for purge to start
2025-01-06 18:39:15 0 [Note] InnoDB: 10.4.32 started; log sequence number 33277328; transaction id 28000
2025-01-06 18:39:15 0 [Note] InnoDB: Loading buffer pool(s) from C:\xampp\mysql\data\ib_buffer_pool
2025-01-06 18:39:15 0 [Note] Plugin 'FEEDBACK' is disabled.
2025-01-06 18:39:15 0 [Note] Server socket created on IP: '::'.
2025-01-06 18:42:49 0 [Note] Starting MariaDB 10.4.32-MariaDB source revision c4143f909528e3fab0677a28631d10389354c491 as process 7232
2025-01-06 18:42:49 0 [Note] InnoDB: Mutexes and rw_locks use Windows interlocked functions
2025-01-06 18:42:49 0 [Note] InnoDB: Uses event mutexes
2025-01-06 18:42:49 0 [Note] InnoDB: Compressed tables use zlib 1.3
2025-01-06 18:42:49 0 [Note] InnoDB: Number of pools: 1
2025-01-06 18:42:49 0 [Note] InnoDB: Using SSE2 crc32 instructions
2025-01-06 18:42:49 0 [Note] InnoDB: Initializing buffer pool, total size = 16M, instances = 1, chunk size = 16M
2025-01-06 18:42:49 0 [Note] InnoDB: Completed initialization of buffer pool
2025-01-06 18:42:49 0 [Note] InnoDB: Starting crash recovery from checkpoint LSN=33277337
2025-01-06 18:42:49 0 [Note] InnoDB: 128 out of 128 rollback segments are active.
2025-01-06 18:42:49 0 [Note] InnoDB: Removed temporary tablespace data file: "ibtmp1"
2025-01-06 18:42:49 0 [Note] InnoDB: Creating shared tablespace for temporary tables
2025-01-06 18:42:49 0 [Note] InnoDB: Setting file 'C:\xampp\mysql\data\ibtmp1' size to 12 MB. Physically writing the file full; Please wait ...
2025-01-06 18:42:49 0 [Note] InnoDB: File 'C:\xampp\mysql\data\ibtmp1' size is now 12 MB.
2025-01-06 18:42:49 0 [Note] InnoDB: Waiting for purge to start
2025-01-06 18:42:49 0 [Note] InnoDB: 10.4.32 started; log sequence number 33277346; transaction id 28000
2025-01-06 18:42:49 0 [Note] InnoDB: Loading buffer pool(s) from C:\xampp\mysql\data\ib_buffer_pool
2025-01-06 18:42:49 0 [Note] Plugin 'FEEDBACK' is disabled.
2025-01-06 18:42:49 0 [Note] Server socket created on IP: '::'.
2025-01-06 18:45:16 0 [Note] Starting MariaDB 10.4.32-MariaDB source revision c4143f909528e3fab0677a28631d10389354c491 as process 18124
2025-01-06 18:45:16 0 [Note] InnoDB: Mutexes and rw_locks use Windows interlocked functions
2025-01-06 18:45:16 0 [Note] InnoDB: Uses event mutexes
2025-01-06 18:45:16 0 [Note] InnoDB: Compressed tables use zlib 1.3
2025-01-06 18:45:16 0 [Note] InnoDB: Number of pools: 1
2025-01-06 18:45:16 0 [Note] InnoDB: Using SSE2 crc32 instructions
2025-01-06 18:45:16 0 [Note] InnoDB: Initializing buffer pool, total size = 16M, instances = 1, chunk size = 16M
2025-01-06 18:45:16 0 [Note] InnoDB: Completed initialization of buffer pool
2025-01-06 18:45:16 0 [Note] InnoDB: Starting crash recovery from checkpoint LSN=33277355
2025-01-06 18:45:16 0 [Note] InnoDB: 128 out of 128 rollback segments are active.
2025-01-06 18:45:16 0 [Note] InnoDB: Removed temporary tablespace data file: "ibtmp1"
2025-01-06 18:45:16 0 [Note] InnoDB: Creating shared tablespace for temporary tables
2025-01-06 18:45:16 0 [Note] InnoDB: Setting file 'C:\xampp\mysql\data\ibtmp1' size to 12 MB. Physically writing the file full; Please wait ...
2025-01-06 18:45:16 0 [Note] InnoDB: File 'C:\xampp\mysql\data\ibtmp1' size is now 12 MB.
2025-01-06 18:45:16 0 [Note] InnoDB: Waiting for purge to start
2025-01-06 18:45:16 0 [Note] InnoDB: 10.4.32 started; log sequence number 33277364; transaction id 28000
2025-01-06 18:45:16 0 [Note] InnoDB: Loading buffer pool(s) from C:\xampp\mysql\data\ib_buffer_pool
2025-01-06 18:45:16 0 [Note] Plugin 'FEEDBACK' is disabled.
2025-01-06 18:45:16 0 [Note] Server socket created on IP: '::'.
2025-01-06 18:50:14 0 [Note] Starting MariaDB 10.4.32-MariaDB source revision c4143f909528e3fab0677a28631d10389354c491 as process 8660
2025-01-06 18:50:14 0 [Note] InnoDB: Mutexes and rw_locks use Windows interlocked functions
2025-01-06 18:50:14 0 [Note] InnoDB: Uses event mutexes
2025-01-06 18:50:14 0 [Note] InnoDB: Compressed tables use zlib 1.3
2025-01-06 18:50:14 0 [Note] InnoDB: Number of pools: 1
2025-01-06 18:50:14 0 [Note] InnoDB: Using SSE2 crc32 instructions
2025-01-06 18:50:14 0 [Note] InnoDB: Initializing buffer pool, total size = 16M, instances = 1, chunk size = 16M
2025-01-06 18:50:14 0 [Note] InnoDB: Completed initialization of buffer pool
2025-01-06 18:50:14 0 [Note] InnoDB: Starting crash recovery from checkpoint LSN=33569245
2025-01-06 18:50:14 0 [Note] InnoDB: 128 out of 128 rollback segments are active.
2025-01-06 18:50:14 0 [Note] InnoDB: Removed temporary tablespace data file: "ibtmp1"
2025-01-06 18:50:14 0 [Note] InnoDB: Creating shared tablespace for temporary tables
2025-01-06 18:50:14 0 [Note] InnoDB: Setting file 'C:\xampp\mysql\data\ibtmp1' size to 12 MB. Physically writing the file full; Please wait ...
2025-01-06 18:50:14 0 [Note] InnoDB: File 'C:\xampp\mysql\data\ibtmp1' size is now 12 MB.
2025-01-06 18:50:14 0 [Note] InnoDB: Waiting for purge to start
2025-01-06 18:50:14 0 [Note] InnoDB: 10.4.32 started; log sequence number 33569254; transaction id 28147
2025-01-06 18:50:14 0 [Note] InnoDB: Loading buffer pool(s) from C:\xampp\mysql\data\ib_buffer_pool
2025-01-06 18:50:14 0 [Note] Plugin 'FEEDBACK' is disabled.
2025-01-06 18:50:14 0 [Note] Server socket created on IP: '::'.
2025-01-06 18:50:46 0 [Note] Starting MariaDB 10.4.32-MariaDB source revision c4143f909528e3fab0677a28631d10389354c491 as process 10988
2025-01-06 18:50:46 0 [Note] InnoDB: Mutexes and rw_locks use Windows interlocked functions
2025-01-06 18:50:46 0 [Note] InnoDB: Uses event mutexes
2025-01-06 18:50:46 0 [Note] InnoDB: Compressed tables use zlib 1.3
2025-01-06 18:50:46 0 [Note] InnoDB: Number of pools: 1
2025-01-06 18:50:46 0 [Note] InnoDB: Using SSE2 crc32 instructions
2025-01-06 18:50:46 0 [Note] InnoDB: Initializing buffer pool, total size = 16M, instances = 1, chunk size = 16M
2025-01-06 18:50:46 0 [Note] InnoDB: Completed initialization of buffer pool
2025-01-06 18:50:46 0 [Note] InnoDB: Starting crash recovery from checkpoint LSN=33569263
2025-01-06 18:50:46 0 [Note] InnoDB: 128 out of 128 rollback segments are active.
2025-01-06 18:50:46 0 [Note] InnoDB: Removed temporary tablespace data file: "ibtmp1"
2025-01-06 18:50:46 0 [Note] InnoDB: Creating shared tablespace for temporary tables
2025-01-06 18:50:46 0 [Note] InnoDB: Setting file 'C:\xampp\mysql\data\ibtmp1' size to 12 MB. Physically writing the file full; Please wait ...
2025-01-06 18:50:46 0 [Note] InnoDB: File 'C:\xampp\mysql\data\ibtmp1' size is now 12 MB.
2025-01-06 18:50:46 0 [Note] InnoDB: Waiting for purge to start
2025-01-06 18:50:46 0 [Note] InnoDB: 10.4.32 started; log sequence number 33569272; transaction id 28147
2025-01-06 18:50:46 0 [Note] InnoDB: Loading buffer pool(s) from C:\xampp\mysql\data\ib_buffer_pool
2025-01-06 18:50:46 0 [Note] Plugin 'FEEDBACK' is disabled.
2025-01-06 18:50:46 0 [Note] Server socket created on IP: '::'.
2025-01-06 18:51:15 0 [Note] Starting MariaDB 10.4.32-MariaDB source revision c4143f909528e3fab0677a28631d10389354c491 as process 18540
2025-01-06 18:51:15 0 [Note] InnoDB: Mutexes and rw_locks use Windows interlocked functions
2025-01-06 18:51:15 0 [Note] InnoDB: Uses event mutexes
2025-01-06 18:51:15 0 [Note] InnoDB: Compressed tables use zlib 1.3
2025-01-06 18:51:15 0 [Note] InnoDB: Number of pools: 1
2025-01-06 18:51:15 0 [Note] InnoDB: Using SSE2 crc32 instructions
2025-01-06 18:51:15 0 [Note] InnoDB: Initializing buffer pool, total size = 16M, instances = 1, chunk size = 16M
2025-01-06 18:51:15 0 [Note] InnoDB: Completed initialization of buffer pool
2025-01-06 18:51:15 0 [Note] InnoDB: Starting crash recovery from checkpoint LSN=33569297
2025-01-06 18:51:15 0 [Note] InnoDB: 128 out of 128 rollback segments are active.
2025-01-06 18:51:15 0 [Note] InnoDB: Removed temporary tablespace data file: "ibtmp1"
2025-01-06 18:51:15 0 [Note] InnoDB: Creating shared tablespace for temporary tables
2025-01-06 18:51:15 0 [Note] InnoDB: Setting file 'C:\xampp\mysql\data\ibtmp1' size to 12 MB. Physically writing the file full; Please wait ...
2025-01-06 18:51:15 0 [Note] InnoDB: File 'C:\xampp\mysql\data\ibtmp1' size is now 12 MB.
2025-01-06 18:51:15 0 [Note] InnoDB: Waiting for purge to start
2025-01-06 18:51:15 0 [Note] InnoDB: 10.4.32 started; log sequence number 33569306; transaction id 28147
2025-01-06 18:51:15 0 [Note] InnoDB: Loading buffer pool(s) from C:\xampp\mysql\data\ib_buffer_pool
2025-01-06 18:51:15 0 [Note] Plugin 'FEEDBACK' is disabled.
2025-01-06 18:51:15 0 [Note] Server socket created on IP: '::'.
2025-01-06 22:19:13 0 [Note] Starting MariaDB 10.4.32-MariaDB source revision c4143f909528e3fab0677a28631d10389354c491 as process 18592
2025-01-06 22:19:13 0 [Note] InnoDB: Mutexes and rw_locks use Windows interlocked functions
2025-01-06 22:19:13 0 [Note] InnoDB: Uses event mutexes
2025-01-06 22:19:13 0 [Note] InnoDB: Compressed tables use zlib 1.3
2025-01-06 22:19:13 0 [Note] InnoDB: Number of pools: 1
2025-01-06 22:19:13 0 [Note] InnoDB: Using SSE2 crc32 instructions
2025-01-06 22:19:13 0 [Note] InnoDB: Initializing buffer pool, total size = 16M, instances = 1, chunk size = 16M
2025-01-06 22:19:13 0 [Note] InnoDB: Completed initialization of buffer pool
2025-01-06 22:19:13 0 [Note] InnoDB: Starting crash recovery from checkpoint LSN=61887796
2025-01-06 22:19:13 0 [Note] InnoDB: 128 out of 128 rollback segments are active.
2025-01-06 22:19:13 0 [Note] InnoDB: Removed temporary tablespace data file: "ibtmp1"
2025-01-06 22:19:13 0 [Note] InnoDB: Creating shared tablespace for temporary tables
2025-01-06 22:19:13 0 [Note] InnoDB: Setting file 'C:\xampp\mysql\data\ibtmp1' size to 12 MB. Physically writing the file full; Please wait ...
2025-01-06 22:19:13 0 [Note] InnoDB: File 'C:\xampp\mysql\data\ibtmp1' size is now 12 MB.
2025-01-06 22:19:13 0 [Note] InnoDB: Waiting for purge to start
2025-01-06 22:19:13 0 [Note] InnoDB: 10.4.32 started; log sequence number 61887805; transaction id 51513
2025-01-06 22:19:13 0 [Note] InnoDB: Loading buffer pool(s) from C:\xampp\mysql\data\ib_buffer_pool
2025-01-06 22:19:13 0 [Note] Plugin 'FEEDBACK' is disabled.
2025-01-06 22:19:13 0 [Note] Server socket created on IP: '::'.
2025-01-07 18:52:13 0 [Note] Starting MariaDB 10.4.32-MariaDB source revision c4143f909528e3fab0677a28631d10389354c491 as process 13936
2025-01-07 18:52:13 0 [Note] InnoDB: Mutexes and rw_locks use Windows interlocked functions
2025-01-07 18:52:13 0 [Note] InnoDB: Uses event mutexes
2025-01-07 18:52:13 0 [Note] InnoDB: Compressed tables use zlib 1.3
2025-01-07 18:52:13 0 [Note] InnoDB: Number of pools: 1
2025-01-07 18:52:13 0 [Note] InnoDB: Using SSE2 crc32 instructions
2025-01-07 18:52:13 0 [Note] InnoDB: Initializing buffer pool, total size = 16M, instances = 1, chunk size = 16M
2025-01-07 18:52:13 0 [Note] InnoDB: Completed initialization of buffer pool
2025-01-07 18:52:13 0 [Note] InnoDB: Starting crash recovery from checkpoint LSN=236275885
2025-01-07 18:52:14 0 [Note] InnoDB: 128 out of 128 rollback segments are active.
2025-01-07 18:52:14 0 [Note] InnoDB: Removed temporary tablespace data file: "ibtmp1"
2025-01-07 18:52:14 0 [Note] InnoDB: Creating shared tablespace for temporary tables
2025-01-07 18:52:14 0 [Note] InnoDB: Setting file 'C:\xampp\mysql\data\ibtmp1' size to 12 MB. Physically writing the file full; Please wait ...
2025-01-07 18:52:14 0 [Note] InnoDB: File 'C:\xampp\mysql\data\ibtmp1' size is now 12 MB.
2025-01-07 18:52:14 0 [Note] InnoDB: Waiting for purge to start
2025-01-07 18:52:14 0 [Note] InnoDB: 10.4.32 started; log sequence number 236275894; transaction id 146303
2025-01-07 18:52:14 0 [Note] Plugin 'FEEDBACK' is disabled.
2025-01-07 18:52:14 0 [Note] InnoDB: Loading buffer pool(s) from C:\xampp\mysql\data\ib_buffer_pool
2025-01-07 18:52:14 0 [Note] InnoDB: Buffer pool(s) load completed at 250107 18:52:14
2025-01-07 18:52:14 0 [Note] Server socket created on IP: '::'.
2025-01-08 10:01:48 0 [Note] Starting MariaDB 10.4.32-MariaDB source revision c4143f909528e3fab0677a28631d10389354c491 as process 11840
2025-01-08 10:01:48 0 [Note] InnoDB: Mutexes and rw_locks use Windows interlocked functions
2025-01-08 10:01:48 0 [Note] InnoDB: Uses event mutexes
2025-01-08 10:01:48 0 [Note] InnoDB: Compressed tables use zlib 1.3
2025-01-08 10:01:48 0 [Note] InnoDB: Number of pools: 1
2025-01-08 10:01:48 0 [Note] InnoDB: Using SSE2 crc32 instructions
2025-01-08 10:01:48 0 [Note] InnoDB: Initializing buffer pool, total size = 16M, instances = 1, chunk size = 16M
2025-01-08 10:01:48 0 [Note] InnoDB: Completed initialization of buffer pool
2025-01-08 10:01:48 0 [Note] InnoDB: Starting crash recovery from checkpoint LSN=361417385
2025-01-08 10:01:49 0 [Note] InnoDB: 128 out of 128 rollback segments are active.
2025-01-08 10:01:49 0 [Note] InnoDB: Removed temporary tablespace data file: "ibtmp1"
2025-01-08 10:01:49 0 [Note] InnoDB: Creating shared tablespace for temporary tables
2025-01-08 10:01:49 0 [Note] InnoDB: Setting file 'C:\xampp\mysql\data\ibtmp1' size to 12 MB. Physically writing the file full; Please wait ...
2025-01-08 10:01:49 0 [Note] InnoDB: File 'C:\xampp\mysql\data\ibtmp1' size is now 12 MB.
2025-01-08 10:01:49 0 [Note] InnoDB: Waiting for purge to start
2025-01-08 10:01:49 0 [Note] InnoDB: 10.4.32 started; log sequence number 361417394; transaction id 200933
2025-01-08 10:01:49 0 [Note] InnoDB: Loading buffer pool(s) from C:\xampp\mysql\data\ib_buffer_pool
2025-01-08 10:01:49 0 [Note] Plugin 'FEEDBACK' is disabled.
2025-01-08 10:01:49 0 [Note] InnoDB: Buffer pool(s) load completed at 250108 10:01:49
2025-01-08 10:01:49 0 [Note] Server socket created on IP: '::'.
2025-01-08 10:24:44 0 [Note] Starting MariaDB 10.4.32-MariaDB source revision c4143f909528e3fab0677a28631d10389354c491 as process 1412
2025-01-08 10:24:44 0 [Note] InnoDB: Mutexes and rw_locks use Windows interlocked functions
2025-01-08 10:24:44 0 [Note] InnoDB: Uses event mutexes
2025-01-08 10:24:44 0 [Note] InnoDB: Compressed tables use zlib 1.3
2025-01-08 10:24:44 0 [Note] InnoDB: Number of pools: 1
2025-01-08 10:24:44 0 [Note] InnoDB: Using SSE2 crc32 instructions
2025-01-08 10:24:44 0 [Note] InnoDB: Initializing buffer pool, total size = 16M, instances = 1, chunk size = 16M
2025-01-08 10:24:44 0 [Note] InnoDB: Completed initialization of buffer pool
2025-01-08 10:24:44 0 [Note] InnoDB: Starting crash recovery from checkpoint LSN=363491047
2025-01-08 10:24:45 0 [Note] InnoDB: 128 out of 128 rollback segments are active.
2025-01-08 10:24:45 0 [Note] InnoDB: Removed temporary tablespace data file: "ibtmp1"
2025-01-08 10:24:45 0 [Note] InnoDB: Creating shared tablespace for temporary tables
2025-01-08 10:24:45 0 [Note] InnoDB: Setting file 'C:\xampp\mysql\data\ibtmp1' size to 12 MB. Physically writing the file full; Please wait ...
2025-01-08 10:24:45 0 [Note] InnoDB: File 'C:\xampp\mysql\data\ibtmp1' size is now 12 MB.
2025-01-08 10:24:45 0 [Note] InnoDB: Waiting for purge to start
2025-01-08 10:24:45 0 [Note] InnoDB: 10.4.32 started; log sequence number 363491129; transaction id 201570
2025-01-08 10:24:45 0 [Note] InnoDB: Loading buffer pool(s) from C:\xampp\mysql\data\ib_buffer_pool
2025-01-08 10:24:45 0 [Note] Plugin 'FEEDBACK' is disabled.
2025-01-08 10:24:45 0 [Note] InnoDB: Buffer pool(s) load completed at 250108 10:24:45
2025-01-08 10:24:45 0 [Note] Server socket created on IP: '::'.
2025-01-08 10:25:21 0 [Note] Starting MariaDB 10.4.32-MariaDB source revision c4143f909528e3fab0677a28631d10389354c491 as process 18168
2025-01-08 10:25:21 0 [Note] InnoDB: Mutexes and rw_locks use Windows interlocked functions
2025-01-08 10:25:21 0 [Note] InnoDB: Uses event mutexes
2025-01-08 10:25:21 0 [Note] InnoDB: Compressed tables use zlib 1.3
2025-01-08 10:25:21 0 [Note] InnoDB: Number of pools: 1
2025-01-08 10:25:21 0 [Note] InnoDB: Using SSE2 crc32 instructions
2025-01-08 10:25:21 0 [Note] InnoDB: Initializing buffer pool, total size = 16M, instances = 1, chunk size = 16M
2025-01-08 10:25:21 0 [Note] InnoDB: Completed initialization of buffer pool
2025-01-08 10:25:21 0 [Note] InnoDB: Starting crash recovery from checkpoint LSN=363491211
2025-01-08 10:25:21 0 [Note] InnoDB: 128 out of 128 rollback segments are active.
2025-01-08 10:25:21 0 [Note] InnoDB: Removed temporary tablespace data file: "ibtmp1"
2025-01-08 10:25:21 0 [Note] InnoDB: Creating shared tablespace for temporary tables
2025-01-08 10:25:21 0 [Note] InnoDB: Setting file 'C:\xampp\mysql\data\ibtmp1' size to 12 MB. Physically writing the file full; Please wait ...
2025-01-08 10:25:21 0 [Note] InnoDB: File 'C:\xampp\mysql\data\ibtmp1' size is now 12 MB.
2025-01-08 10:25:21 0 [Note] InnoDB: Waiting for purge to start
2025-01-08 10:25:21 0 [Note] InnoDB: 10.4.32 started; log sequence number 363491293; transaction id 201570
2025-01-08 10:25:21 0 [Note] InnoDB: Loading buffer pool(s) from C:\xampp\mysql\data\ib_buffer_pool
2025-01-08 10:25:21 0 [Note] Plugin 'FEEDBACK' is disabled.
2025-01-08 10:25:21 0 [Note] Server socket created on IP: '::'.
